Using pre-set license
Built from '2020.3/staging' branch; Version is '2020.3.19f1 (68f137dc9bbe) revision 6877495'; Using compiler version '192528614'; Build Type 'Release'
OS: 'Windows 10 Home; OS build 19043.1348; Version 2009; 64bit' Language: 'ja' Physical Memory: 16310 MB
BatchMode: 1, IsHumanControllingUs: 0, StartBugReporterOnCrash: 0, Is64bit: 1, IsPro: 0

COMMAND LINE ARGUMENTS:
C:\Program Files\Unity\Hub\Editor\2020.3.19f1\Editor\Unity.exe
-adb2
-batchMode
-noUpm
-name
AssetImportWorker0
-projectPath
D:/unity Github/3Dgame
-logFile
Logs/AssetImportWorker0.log
-srvPort
49835
Successfully changed project path to: D:/unity Github/3Dgame
D:/unity Github/3Dgame
Using Asset Import Pipeline V2.
Refreshing native plugins compatible for Editor in 53.51 ms, found 2 plugins.
Preloading 0 native plugins for Editor in 0.00 ms.
Initialize engine version: 2020.3.19f1 (68f137dc9bbe)
[Subsystems] Discovering subsystems at path C:/Program Files/Unity/Hub/Editor/2020.3.19f1/Editor/Data/Resources/UnitySubsystems
[Subsystems] Discovering subsystems at path D:/unity Github/3Dgame/Assets
GfxDevice: creating device client; threaded=0
Direct3D:
    Version:  Direct3D 11.0 [level 11.1]
    Renderer: NVIDIA GeForce RTX 3070 (ID=0x2484)
    Vendor:   
    VRAM:     8043 MB
    Driver:   27.21.14.6627
Initialize mono
Mono path[0] = 'C:/Program Files/Unity/Hub/Editor/2020.3.19f1/Editor/Data/Managed'
Mono path[1] = 'C:/Program Files/Unity/Hub/Editor/2020.3.19f1/Editor/Data/MonoBleedingEdge/lib/mono/unityjit'
Mono config path = 'C:/Program Files/Unity/Hub/Editor/2020.3.19f1/Editor/Data/MonoBleedingEdge/etc'
Using monoOptions --debugger-agent=transport=dt_socket,embedding=1,server=y,suspend=n,address=127.0.0.1:56872
Begin MonoManager ReloadAssembly
Registering precompiled unity dll's ...
Register platform support module: C:/Program Files/Unity/Hub/Editor/2020.3.19f1/Editor/Data/PlaybackEngines/WindowsStandaloneSupport/UnityEditor.WindowsStandalone.Extensions.dll
Registered in 0.001106 seconds.
Native extension for WindowsStandalone target not found
Refreshing native plugins compatible for Editor in 46.40 ms, found 2 plugins.
Preloading 0 native plugins for Editor in 0.00 ms.
Mono: successfully reloaded assembly
- Completed reload, in  1.429 seconds
Domain Reload Profiling:
	ReloadAssembly (1429ms)
		BeginReloadAssembly (39ms)
			ExecutionOrderSort (0ms)
			DisableScriptedObjects (0ms)
			BackupInstance (0ms)
			ReleaseScriptingObjects (0ms)
			CreateAndSetChildDomain (1ms)
		EndReloadAssembly (327ms)
			LoadAssemblies (38ms)
			RebuildTransferFunctionScriptingTraits (0ms)
			SetupTypeCache (109ms)
			ReleaseScriptCaches (0ms)
			RebuildScriptCaches (20ms)
			SetupLoadedEditorAssemblies (144ms)
				LogAssemblyErrors (0ms)
				InitializePlatformSupportModulesInManaged (3ms)
				SetLoadedEditorAssemblies (0ms)
				RefreshPlugins (46ms)
				BeforeProcessingInitializeOnLoad (13ms)
				ProcessInitializeOnLoadAttributes (60ms)
				ProcessInitializeOnLoadMethodAttributes (22ms)
				AfterProcessingInitializeOnLoad (0ms)
				EditorAssembliesLoaded (0ms)
			ExecutionOrderSort2 (0ms)
			AwakeInstancesAfterBackupRestoration (0ms)
Platform modules already initialized, skipping
Registering precompiled user dll's ...
Registered in 0.003209 seconds.
Begin MonoManager ReloadAssembly
Native extension for WindowsStandalone target not found
Refreshing native plugins compatible for Editor in 71.75 ms, found 2 plugins.
Preloading 0 native plugins for Editor in 0.00 ms.
Mono: successfully reloaded assembly
- Completed reload, in  1.194 seconds
Domain Reload Profiling:
	ReloadAssembly (1195ms)
		BeginReloadAssembly (108ms)
			ExecutionOrderSort (0ms)
			DisableScriptedObjects (4ms)
			BackupInstance (0ms)
			ReleaseScriptingObjects (0ms)
			CreateAndSetChildDomain (16ms)
		EndReloadAssembly (1036ms)
			LoadAssemblies (88ms)
			RebuildTransferFunctionScriptingTraits (0ms)
			SetupTypeCache (337ms)
			ReleaseScriptCaches (1ms)
			RebuildScriptCaches (61ms)
			SetupLoadedEditorAssemblies (406ms)
				LogAssemblyErrors (0ms)
				InitializePlatformSupportModulesInManaged (4ms)
				SetLoadedEditorAssemblies (0ms)
				RefreshPlugins (72ms)
				BeforeProcessingInitializeOnLoad (95ms)
				ProcessInitializeOnLoadAttributes (225ms)
				ProcessInitializeOnLoadMethodAttributes (5ms)
				AfterProcessingInitializeOnLoad (5ms)
				EditorAssembliesLoaded (0ms)
			ExecutionOrderSort2 (0ms)
			AwakeInstancesAfterBackupRestoration (7ms)
Platform modules already initialized, skipping
========================================================================
Worker process is ready to serve import requests
Launched and connected shader compiler UnityShaderCompiler.exe after 0.06 seconds
Refreshing native plugins compatible for Editor in 1.10 ms, found 2 plugins.
Preloading 0 native plugins for Editor in 0.00 ms.
Unloading 2921 Unused Serialized files (Serialized files now loaded: 0)
System memory in use before: 136.8 MB.
System memory in use after: 137.0 MB.

Unloading 21 unused Assets to reduce memory usage. Loaded Objects now: 3357.
Total: 4.197300 ms (FindLiveObjects: 0.399100 ms CreateObjectMapping: 0.127700 ms MarkObjects: 3.583700 ms  DeleteObjects: 0.085900 ms)

AssetImportParameters requested are different than current active one (requested -> active):
  custom:framework-win-MediaFoundation: 216162199b28c13a410421893ffa2e32 -> 
  custom:video-decoder-ogg-theora: a1e56fd34408186e4bbccfd4996cb3dc -> 
  custom:container-muxer-webm: aa71ff27fc2769a1b78a27578f13a17b -> 
  custom:container-demuxer-webm: 4f35f7cbe854078d1ac9338744f61a02 -> 
  custom:container-demuxer-ogg: 62fdf1f143b41e24485cea50d1cbac27 -> 
  custom:video-encoder-webm-vp8: eb34c28f22e8b96e1ab97ce403110664 -> 
  custom:video-decoder-webm-vp8: 9c59270c3fd7afecdb556c50c9e8de78 -> 
  custom:audio-decoder-ogg-vorbis: bf7c407c2cedff20999df2af8eb42d56 -> 
  custom:audio-encoder-webm-vorbis: bf7c407c2cedff20999df2af8eb42d56 -> 
========================================================================
Received Import Request.
  path: Assets/CC_Assets/testaaa_LODGroup.fbm/Loose_Biker_Boots_Pbr_Diffuse.jpg
  artifactKey: Guid(845d7ad885b10fc4f8476e0b626d7535) Importer(815301076,1909f56bfc062723c751e8b465ee728b)
Start importing Assets/CC_Assets/testaaa_LODGroup.fbm/Loose_Biker_Boots_Pbr_Diffuse.jpg using Guid(845d7ad885b10fc4f8476e0b626d7535) Importer(815301076,1909f56bfc062723c751e8b465ee728b)  -> (artifact id: '66f26266064dc455ef7f8e9730abf825') in 0.123653 seconds 
  Import took 0.129111 seconds .

========================================================================
Received Import Request.
  Time since last request: 0.000206 seconds.
  path: Assets/CC_Assets/testaaa_LODGroup.fbm/remesh_6_combined_Remeshed_LOD1_Pbr_Normal.png
  artifactKey: Guid(1d5e57b86d323bb4c8e0b6a911fac197) Importer(815301076,1909f56bfc062723c751e8b465ee728b)
Start importing Assets/CC_Assets/testaaa_LODGroup.fbm/remesh_6_combined_Remeshed_LOD1_Pbr_Normal.png using Guid(1d5e57b86d323bb4c8e0b6a911fac197) Importer(815301076,1909f56bfc062723c751e8b465ee728b)  -> (artifact id: '13f8fd82201964b83ef7173acf979073') in 0.038237 seconds 
  Import took 0.042880 seconds .

========================================================================
Received Import Request.
  Time since last request: 0.000183 seconds.
  path: Assets/CC_Assets/testaaa_LODGroup.fbm
  artifactKey: Guid(575b422a1ec1e2f4eba383c09747d060) Importer(815301076,1909f56bfc062723c751e8b465ee728b)
Start importing Assets/CC_Assets/testaaa_LODGroup.fbm using Guid(575b422a1ec1e2f4eba383c09747d060) Importer(815301076,1909f56bfc062723c751e8b465ee728b)  -> (artifact id: '654779382f29690167cc725a7c8f210d') in 0.005530 seconds 
  Import took 0.009343 seconds .

========================================================================
Received Import Request.
  Time since last request: 0.000151 seconds.
  path: Assets/CC_Assets/testaaa_LODGroup.fbm/remesh_6_combined_Remeshed_LOD3_Pbr_Normal.png
  artifactKey: Guid(d7db7879a726c0548b57aa3177490463) Importer(815301076,1909f56bfc062723c751e8b465ee728b)
Start importing Assets/CC_Assets/testaaa_LODGroup.fbm/remesh_6_combined_Remeshed_LOD3_Pbr_Normal.png using Guid(d7db7879a726c0548b57aa3177490463) Importer(815301076,1909f56bfc062723c751e8b465ee728b)  -> (artifact id: '2b82416d0bb93fc2698277d961ca0e6e') in 0.014610 seconds 
  Import took 0.019031 seconds .

========================================================================
Received Import Request.
  Time since last request: 0.000201 seconds.
  path: Assets/CC_Assets/testaaa_LODGroup.fbm/Biker_Jeans_Pbr_Diffuse.png
  artifactKey: Guid(77c1a6fc257300449b522f157c426edd) Importer(815301076,1909f56bfc062723c751e8b465ee728b)
Start importing Assets/CC_Assets/testaaa_LODGroup.fbm/Biker_Jeans_Pbr_Diffuse.png using Guid(77c1a6fc257300449b522f157c426edd) Importer(815301076,1909f56bfc062723c751e8b465ee728b)  -> (artifact id: '6617c5f15fe0e05b417d767c69b692a4') in 0.030165 seconds 
  Import took 0.035994 seconds .

========================================================================
Received Import Request.
  Time since last request: 0.000175 seconds.
  path: Assets/CC_Assets/testaaa_LODGroup.fbm/remesh_6_combined_Remeshed_LOD1_Pbr_Diffuse.png
  artifactKey: Guid(53aaa6e4ee90de34fb09d52fefb180a6) Importer(815301076,1909f56bfc062723c751e8b465ee728b)
Start importing Assets/CC_Assets/testaaa_LODGroup.fbm/remesh_6_combined_Remeshed_LOD1_Pbr_Diffuse.png using Guid(53aaa6e4ee90de34fb09d52fefb180a6) Importer(815301076,1909f56bfc062723c751e8b465ee728b)  -> (artifact id: '7843fbf43d9395d3fff626197a58b78d') in 0.011730 seconds 
  Import took 0.016538 seconds .

========================================================================
Received Import Request.
  Time since last request: 0.000159 seconds.
  path: Assets/CC_Assets/testaaa_LODGroup.fbm/Loose_Biker_Boots_Pbr_Normal.png
  artifactKey: Guid(1532a065f4279a1459a885a12c101ff2) Importer(815301076,1909f56bfc062723c751e8b465ee728b)
Start importing Assets/CC_Assets/testaaa_LODGroup.fbm/Loose_Biker_Boots_Pbr_Normal.png using Guid(1532a065f4279a1459a885a12c101ff2) Importer(815301076,1909f56bfc062723c751e8b465ee728b)  -> (artifact id: '1117d67b2085edec28515b3b13d96883') in 0.014390 seconds 
  Import took 0.019297 seconds .

========================================================================
Received Import Request.
  Time since last request: 0.000173 seconds.
  path: Assets/CC_Assets/testaaa_LODGroup.fbm/Biker_Jeans_Pbr_Normal.png
  artifactKey: Guid(a1883db859942934eb9fbb3d85f485c2) Importer(815301076,1909f56bfc062723c751e8b465ee728b)
Start importing Assets/CC_Assets/testaaa_LODGroup.fbm/Biker_Jeans_Pbr_Normal.png using Guid(a1883db859942934eb9fbb3d85f485c2) Importer(815301076,1909f56bfc062723c751e8b465ee728b)  -> (artifact id: '7aee0f8c2ef2b37da7a9ee68051edb71') in 0.019443 seconds 
  Import took 0.024196 seconds .

========================================================================
Received Import Request.
  Time since last request: 0.000168 seconds.
  path: Assets/CC_Assets/testaaa_LODGroup.fbm/remesh_6_combined_Remeshed_LOD2_Pbr_Normal.png
  artifactKey: Guid(6fa004597f10b01429639b2fe9cee707) Importer(815301076,1909f56bfc062723c751e8b465ee728b)
Start importing Assets/CC_Assets/testaaa_LODGroup.fbm/remesh_6_combined_Remeshed_LOD2_Pbr_Normal.png using Guid(6fa004597f10b01429639b2fe9cee707) Importer(815301076,1909f56bfc062723c751e8b465ee728b)  -> (artifact id: '236e51c3df04d000a2ef2bdf26589d45') in 0.011833 seconds 
  Import took 0.015948 seconds .

========================================================================
Received Import Request.
  Time since last request: 0.000165 seconds.
  path: Assets/CC_Assets/testaaa_LODGroup.fbm/Std_Cornea_L_Pbr_Diffuse.png
  artifactKey: Guid(3bbd7250f6cdad74a9e666c87f4bafaa) Importer(815301076,1909f56bfc062723c751e8b465ee728b)
Start importing Assets/CC_Assets/testaaa_LODGroup.fbm/Std_Cornea_L_Pbr_Diffuse.png using Guid(3bbd7250f6cdad74a9e666c87f4bafaa) Importer(815301076,1909f56bfc062723c751e8b465ee728b)  -> (artifact id: '6ef3d21aa6547639786ff85850782692') in 0.011919 seconds 
  Import took 0.028559 seconds .

========================================================================
Received Import Request.
  Time since last request: 0.000234 seconds.
  path: Assets/CC_Assets/testaaa_LODGroup.fbm/remesh_6_combined_Remeshed_LOD3_Pbr_Diffuse.png
  artifactKey: Guid(6b5031d222292df4ab57eeb9efdb5184) Importer(815301076,1909f56bfc062723c751e8b465ee728b)
Start importing Assets/CC_Assets/testaaa_LODGroup.fbm/remesh_6_combined_Remeshed_LOD3_Pbr_Diffuse.png using Guid(6b5031d222292df4ab57eeb9efdb5184) Importer(815301076,1909f56bfc062723c751e8b465ee728b)  -> (artifact id: '1035fa7758b4b02d39cf06be86ca0113') in 0.012733 seconds 
  Import took 0.017854 seconds .

========================================================================
Received Import Request.
  Time since last request: 0.000168 seconds.
  path: Assets/CC_Assets/testaaa_LODGroup.fbm/remesh_6_combined_Remeshed_LOD2_Pbr_Diffuse.png
  artifactKey: Guid(5de4b78881a80c04696dc5288af5f4cd) Importer(815301076,1909f56bfc062723c751e8b465ee728b)
Start importing Assets/CC_Assets/testaaa_LODGroup.fbm/remesh_6_combined_Remeshed_LOD2_Pbr_Diffuse.png using Guid(5de4b78881a80c04696dc5288af5f4cd) Importer(815301076,1909f56bfc062723c751e8b465ee728b)  -> (artifact id: 'e55168b81ea1c4ac298d522edfd79cc9') in 0.012099 seconds 
  Import took 0.017251 seconds .

========================================================================
Received Import Request.
  Time since last request: 47.534897 seconds.
  path: Assets/CC_Assets/testaaa_LODGroup.fbm/Std_Cornea_R_Pbr_Diffuse.png
  artifactKey: Guid(cc279b11aa61f1b44a8f1b2c27a75303) Importer(815301076,1909f56bfc062723c751e8b465ee728b)
Start importing Assets/CC_Assets/testaaa_LODGroup.fbm/Std_Cornea_R_Pbr_Diffuse.png using Guid(cc279b11aa61f1b44a8f1b2c27a75303) Importer(815301076,1909f56bfc062723c751e8b465ee728b)  -> (artifact id: '9ac628b0402c800d178614c4c998dc31') in 0.013000 seconds 
  Import took 0.017804 seconds .

========================================================================
Received Import Request.
  Time since last request: 0.000165 seconds.
  path: Assets/CC_Assets/testaaa_LODGroup.fbm/Std_Eye_L_Pbr_Diffuse.jpg
  artifactKey: Guid(665c4b52b6fce674fbe32d3396766524) Importer(815301076,1909f56bfc062723c751e8b465ee728b)
Start importing Assets/CC_Assets/testaaa_LODGroup.fbm/Std_Eye_L_Pbr_Diffuse.jpg using Guid(665c4b52b6fce674fbe32d3396766524) Importer(815301076,1909f56bfc062723c751e8b465ee728b)  -> (artifact id: '43403127c6cc5852b71e36ff4c17809b') in 0.011472 seconds 
  Import took 0.016329 seconds .

========================================================================
Received Import Request.
  Time since last request: 0.000161 seconds.
  path: Assets/CC_Assets/testaaa_LODGroup.fbm/Std_Eye_L_Pbr_Normal.png
  artifactKey: Guid(56a9331ebd2f8f14f996274e28dbf2bb) Importer(815301076,1909f56bfc062723c751e8b465ee728b)
Start importing Assets/CC_Assets/testaaa_LODGroup.fbm/Std_Eye_L_Pbr_Normal.png using Guid(56a9331ebd2f8f14f996274e28dbf2bb) Importer(815301076,1909f56bfc062723c751e8b465ee728b)  -> (artifact id: 'b539c0d524fea7dfb85d2251b084b813') in 0.013578 seconds 
  Import took 0.017962 seconds .

========================================================================
Received Import Request.
  Time since last request: 0.000151 seconds.
  path: Assets/CC_Assets/testaaa_LODGroup.fbm/Std_Eye_R_Pbr_Normal.png
  artifactKey: Guid(3ec813d7835bc164c9734c3a307f8a36) Importer(815301076,1909f56bfc062723c751e8b465ee728b)
Start importing Assets/CC_Assets/testaaa_LODGroup.fbm/Std_Eye_R_Pbr_Normal.png using Guid(3ec813d7835bc164c9734c3a307f8a36) Importer(815301076,1909f56bfc062723c751e8b465ee728b)  -> (artifact id: 'd16f6c732ccbfa8dc6cfcda750bbd761') in 0.011091 seconds 
  Import took 0.015427 seconds .

========================================================================
Received Import Request.
  Time since last request: 0.000169 seconds.
  path: Assets/CC_Assets/testaaa_LODGroup.fbm/Std_Eye_R_Pbr_Diffuse.jpg
  artifactKey: Guid(1e0082e6fb45ae340bb53f17d9368134) Importer(815301076,1909f56bfc062723c751e8b465ee728b)
Start importing Assets/CC_Assets/testaaa_LODGroup.fbm/Std_Eye_R_Pbr_Diffuse.jpg using Guid(1e0082e6fb45ae340bb53f17d9368134) Importer(815301076,1909f56bfc062723c751e8b465ee728b)  -> (artifact id: 'dd7677b0481207da029c6820e62a4749') in 0.012338 seconds 
  Import took 0.016777 seconds .

========================================================================
Received Import Request.
  Time since last request: 0.000170 seconds.
  path: Assets/CC_Assets/testaaa_LODGroup.fbm/Std_Eyelash_Pbr_Normal.png
  artifactKey: Guid(be2732cb5adb8c847ae11e10ff87210e) Importer(815301076,1909f56bfc062723c751e8b465ee728b)
Start importing Assets/CC_Assets/testaaa_LODGroup.fbm/Std_Eyelash_Pbr_Normal.png using Guid(be2732cb5adb8c847ae11e10ff87210e) Importer(815301076,1909f56bfc062723c751e8b465ee728b)  -> (artifact id: '4537ca707fa03ed3fdbbc57b9eb255d2') in 0.013314 seconds 
  Import took 0.017683 seconds .

========================================================================
Received Import Request.
  Time since last request: 0.000155 seconds.
  path: Assets/CC_Assets/testaaa_LODGroup.fbm/Std_Lower_Teeth_Pbr_Normal.png
  artifactKey: Guid(e6168bf9fb49ee34497a3e4ea4ac541c) Importer(815301076,1909f56bfc062723c751e8b465ee728b)
Start importing Assets/CC_Assets/testaaa_LODGroup.fbm/Std_Lower_Teeth_Pbr_Normal.png using Guid(e6168bf9fb49ee34497a3e4ea4ac541c) Importer(815301076,1909f56bfc062723c751e8b465ee728b)  -> (artifact id: '09555dc83befc18e1335a56d529eef8b') in 0.017342 seconds 
  Import took 0.021901 seconds .

========================================================================
Received Import Request.
  Time since last request: 0.000153 seconds.
  path: Assets/CC_Assets/testaaa_LODGroup.fbm/Std_Eyelash_Pbr_Diffuse.png
  artifactKey: Guid(f2ee1273fcff23147974f98e51939b20) Importer(815301076,1909f56bfc062723c751e8b465ee728b)
Start importing Assets/CC_Assets/testaaa_LODGroup.fbm/Std_Eyelash_Pbr_Diffuse.png using Guid(f2ee1273fcff23147974f98e51939b20) Importer(815301076,1909f56bfc062723c751e8b465ee728b)  -> (artifact id: '64f7de87824c0505a3d5b5b5c8e9e141') in 0.012773 seconds 
  Import took 0.016965 seconds .

========================================================================
Received Import Request.
  Time since last request: 0.000151 seconds.
  path: Assets/CC_Assets/testaaa_LODGroup.fbm/Std_Nails_Pbr_Diffuse.jpg
  artifactKey: Guid(58f0cb38ec507aa49adf612224b11267) Importer(815301076,1909f56bfc062723c751e8b465ee728b)
Start importing Assets/CC_Assets/testaaa_LODGroup.fbm/Std_Nails_Pbr_Diffuse.jpg using Guid(58f0cb38ec507aa49adf612224b11267) Importer(815301076,1909f56bfc062723c751e8b465ee728b)  -> (artifact id: '185a26f153e3a97cf240385227609d68') in 0.012159 seconds 
  Import took 0.016488 seconds .

========================================================================
Received Import Request.
  Time since last request: 0.000151 seconds.
  path: Assets/CC_Assets/testaaa_LODGroup.fbm/Std_Eye_Occlusion_R_Pbr_Opacity.png
  artifactKey: Guid(a299efd3ac07046479f584f746b78ba8) Importer(815301076,1909f56bfc062723c751e8b465ee728b)
Start importing Assets/CC_Assets/testaaa_LODGroup.fbm/Std_Eye_Occlusion_R_Pbr_Opacity.png using Guid(a299efd3ac07046479f584f746b78ba8) Importer(815301076,1909f56bfc062723c751e8b465ee728b)  -> (artifact id: '97cb580179a6211f872a6aea516db9b4') in 0.070566 seconds 
  Import took 0.074947 seconds .

========================================================================
Received Import Request.
  Time since last request: 0.000154 seconds.
  path: Assets/CC_Assets/testaaa_LODGroup.fbm/Std_Lower_Teeth_Pbr_Diffuse.jpg
  artifactKey: Guid(7050f36b8c215c8459b63d18dc82b16d) Importer(815301076,1909f56bfc062723c751e8b465ee728b)
Start importing Assets/CC_Assets/testaaa_LODGroup.fbm/Std_Lower_Teeth_Pbr_Diffuse.jpg using Guid(7050f36b8c215c8459b63d18dc82b16d) Importer(815301076,1909f56bfc062723c751e8b465ee728b)  -> (artifact id: 'f3f15cf55951751ff05679c44ff9c52c') in 0.009380 seconds 
  Import took 0.013674 seconds .

========================================================================
Received Import Request.
  Time since last request: 0.000175 seconds.
  path: Assets/CC_Assets/testaaa_LODGroup.fbm/Std_Nails_Pbr_Normal.png
  artifactKey: Guid(45b77f5f2f48eaa44842ba51e62b9983) Importer(815301076,1909f56bfc062723c751e8b465ee728b)
Start importing Assets/CC_Assets/testaaa_LODGroup.fbm/Std_Nails_Pbr_Normal.png using Guid(45b77f5f2f48eaa44842ba51e62b9983) Importer(815301076,1909f56bfc062723c751e8b465ee728b)  -> (artifact id: '8bf0d816c0c51cfd09d123c5ed2efc3a') in 0.012489 seconds 
  Import took 0.016921 seconds .

========================================================================
Received Import Request.
  Time since last request: 0.017471 seconds.
  path: Assets/CC_Assets/testaaa_LODGroup.fbm/Std_Skin_Arm_Pbr_Diffuse.jpg
  artifactKey: Guid(91a761edbeb95db42a47443f147aa745) Importer(815301076,1909f56bfc062723c751e8b465ee728b)
Start importing Assets/CC_Assets/testaaa_LODGroup.fbm/Std_Skin_Arm_Pbr_Diffuse.jpg using Guid(91a761edbeb95db42a47443f147aa745) Importer(815301076,1909f56bfc062723c751e8b465ee728b)  -> (artifact id: '764ca89e79a94df3289460e692bb4c96') in 0.010385 seconds 
  Import took 0.015063 seconds .

========================================================================
Received Import Request.
  Time since last request: 0.000144 seconds.
  path: Assets/CC_Assets/testaaa_LODGroup.fbm/Std_Skin_Body_Pbr_Diffuse.jpg
  artifactKey: Guid(f66d8088575fc56489b32e3c912a1dbd) Importer(815301076,1909f56bfc062723c751e8b465ee728b)
Start importing Assets/CC_Assets/testaaa_LODGroup.fbm/Std_Skin_Body_Pbr_Diffuse.jpg using Guid(f66d8088575fc56489b32e3c912a1dbd) Importer(815301076,1909f56bfc062723c751e8b465ee728b)  -> (artifact id: '743091a726104217c51500f02e08fc0e') in 0.010422 seconds 
  Import took 0.014603 seconds .

========================================================================
Received Import Request.
  Time since last request: 0.000162 seconds.
  path: Assets/CC_Assets/testaaa_LODGroup.fbm/Std_Skin_Arm_Pbr_Normal.png
  artifactKey: Guid(6dcec87f632913244a40ee7365497068) Importer(815301076,1909f56bfc062723c751e8b465ee728b)
Start importing Assets/CC_Assets/testaaa_LODGroup.fbm/Std_Skin_Arm_Pbr_Normal.png using Guid(6dcec87f632913244a40ee7365497068) Importer(815301076,1909f56bfc062723c751e8b465ee728b)  -> (artifact id: '0b273d9ab04b62edf7133515be69cf19') in 0.011987 seconds 
  Import took 0.016188 seconds .

========================================================================
Received Import Request.
  Time since last request: 0.000165 seconds.
  path: Assets/CC_Assets/testaaa_LODGroup.fbm/Std_Skin_Leg_Pbr_Diffuse.jpg
  artifactKey: Guid(c8ce98cdcf3481543b99e6b33a3d624d) Importer(815301076,1909f56bfc062723c751e8b465ee728b)
Start importing Assets/CC_Assets/testaaa_LODGroup.fbm/Std_Skin_Leg_Pbr_Diffuse.jpg using Guid(c8ce98cdcf3481543b99e6b33a3d624d) Importer(815301076,1909f56bfc062723c751e8b465ee728b)  -> (artifact id: '092ef98503ff37406024edb2ed21948a') in 0.009976 seconds 
  Import took 0.014343 seconds .

========================================================================
Received Import Request.
  Time since last request: 0.000172 seconds.
  path: Assets/CC_Assets/testaaa_LODGroup.fbm/Std_Skin_Head_Pbr_Normal.png
  artifactKey: Guid(9da41ce88eb3f514fbbdf9143a10cc27) Importer(815301076,1909f56bfc062723c751e8b465ee728b)
Start importing Assets/CC_Assets/testaaa_LODGroup.fbm/Std_Skin_Head_Pbr_Normal.png using Guid(9da41ce88eb3f514fbbdf9143a10cc27) Importer(815301076,1909f56bfc062723c751e8b465ee728b)  -> (artifact id: 'b49788a0997940988e50ee48c44cf765') in 0.011074 seconds 
  Import took 0.015624 seconds .

========================================================================
Received Import Request.
  Time since last request: 0.000170 seconds.
  path: Assets/CC_Assets/testaaa_LODGroup.fbm/Std_Skin_Leg_Pbr_Normal.png
  artifactKey: Guid(54d335f9565d154469f865e99c368811) Importer(815301076,1909f56bfc062723c751e8b465ee728b)
Start importing Assets/CC_Assets/testaaa_LODGroup.fbm/Std_Skin_Leg_Pbr_Normal.png using Guid(54d335f9565d154469f865e99c368811) Importer(815301076,1909f56bfc062723c751e8b465ee728b)  -> (artifact id: '13d252b1b4283f27341eb308542bb7be') in 0.011967 seconds 
  Import took 0.016257 seconds .

========================================================================
Received Import Request.
  Time since last request: 0.000146 seconds.
  path: Assets/CC_Assets/testaaa_LODGroup.fbm/Std_Skin_Body_Pbr_Normal.png
  artifactKey: Guid(819c86d9be8f2804a82523f79b391f54) Importer(815301076,1909f56bfc062723c751e8b465ee728b)
Start importing Assets/CC_Assets/testaaa_LODGroup.fbm/Std_Skin_Body_Pbr_Normal.png using Guid(819c86d9be8f2804a82523f79b391f54) Importer(815301076,1909f56bfc062723c751e8b465ee728b)  -> (artifact id: 'baac3cf38d531a9817804bd734a6ba98') in 0.011627 seconds 
  Import took 0.015684 seconds .

========================================================================
Received Import Request.
  Time since last request: 0.000161 seconds.
  path: Assets/CC_Assets/testaaa_LODGroup.fbm/Std_Skin_Head_Pbr_Diffuse.jpg
  artifactKey: Guid(c7f2261c0d6889c4cb26cade6c1a1843) Importer(815301076,1909f56bfc062723c751e8b465ee728b)
Start importing Assets/CC_Assets/testaaa_LODGroup.fbm/Std_Skin_Head_Pbr_Diffuse.jpg using Guid(c7f2261c0d6889c4cb26cade6c1a1843) Importer(815301076,1909f56bfc062723c751e8b465ee728b)  -> (artifact id: '53d7bf4e956ee55e1e78853267e9f33d') in 0.010324 seconds 
  Import took 0.014370 seconds .

========================================================================
Received Import Request.
  Time since last request: 0.159240 seconds.
  path: Assets/CC_Assets/testaaa_LODGroup.fbm/Std_Tearline_L_Pbr_Diffuse.png
  artifactKey: Guid(f7b0c0b2fabf15c4488ad26165d1643e) Importer(815301076,1909f56bfc062723c751e8b465ee728b)
Start importing Assets/CC_Assets/testaaa_LODGroup.fbm/Std_Tearline_L_Pbr_Diffuse.png using Guid(f7b0c0b2fabf15c4488ad26165d1643e) Importer(815301076,1909f56bfc062723c751e8b465ee728b)  -> (artifact id: '1a3aa14a4e4c50e2d3ac70ad081fac63') in 0.008945 seconds 
  Import took 0.013473 seconds .

========================================================================
Received Import Request.
  Time since last request: 0.000142 seconds.
  path: Assets/CC_Assets/testaaa_LODGroup.fbm/Std_Tearline_R_Pbr_Diffuse.png
  artifactKey: Guid(7aa815044958e8b45bcd7752ebda7ef7) Importer(815301076,1909f56bfc062723c751e8b465ee728b)
Start importing Assets/CC_Assets/testaaa_LODGroup.fbm/Std_Tearline_R_Pbr_Diffuse.png using Guid(7aa815044958e8b45bcd7752ebda7ef7) Importer(815301076,1909f56bfc062723c751e8b465ee728b)  -> (artifact id: '519e5b4c6f7b974064f35db53fa5b556') in 0.008270 seconds 
  Import took 0.012575 seconds .

========================================================================
Received Import Request.
  Time since last request: 0.000199 seconds.
  path: Assets/CC_Assets/testaaa_LODGroup.fbm/Std_Tongue_Pbr_Normal.png
  artifactKey: Guid(dbba439c5a7beef4db7162cd87dd8e6f) Importer(815301076,1909f56bfc062723c751e8b465ee728b)
Start importing Assets/CC_Assets/testaaa_LODGroup.fbm/Std_Tongue_Pbr_Normal.png using Guid(dbba439c5a7beef4db7162cd87dd8e6f) Importer(815301076,1909f56bfc062723c751e8b465ee728b)  -> (artifact id: 'ac3575b25467e9974d838f3c0df695e0') in 0.009888 seconds 
  Import took 0.014060 seconds .

========================================================================
Received Import Request.
  Time since last request: 0.000163 seconds.
  path: Assets/CC_Assets/testaaa_LODGroup.fbm/Std_Upper_Teeth_Pbr_Diffuse.jpg
  artifactKey: Guid(ee2748f41cdd87945884721fd82d312c) Importer(815301076,1909f56bfc062723c751e8b465ee728b)
Start importing Assets/CC_Assets/testaaa_LODGroup.fbm/Std_Upper_Teeth_Pbr_Diffuse.jpg using Guid(ee2748f41cdd87945884721fd82d312c) Importer(815301076,1909f56bfc062723c751e8b465ee728b)  -> (artifact id: 'd1b0fcc17c5370099598eb134da64c5a') in 0.009567 seconds 
  Import took 0.013813 seconds .

========================================================================
Received Import Request.
  Time since last request: 0.000168 seconds.
  path: Assets/CC_Assets/testaaa_LODGroup.fbm/Std_Upper_Teeth_Pbr_Normal.png
  artifactKey: Guid(cf67a07cbf20c0d46b6ccf08f3886431) Importer(815301076,1909f56bfc062723c751e8b465ee728b)
Start importing Assets/CC_Assets/testaaa_LODGroup.fbm/Std_Upper_Teeth_Pbr_Normal.png using Guid(cf67a07cbf20c0d46b6ccf08f3886431) Importer(815301076,1909f56bfc062723c751e8b465ee728b)  -> (artifact id: '4b9903db07baadca3f8a709f541ea398') in 0.014451 seconds 
  Import took 0.019036 seconds .

========================================================================
Received Import Request.
  Time since last request: 0.000172 seconds.
  path: Assets/CC_Assets/testaaa_LODGroup.fbm/Std_Tongue_Pbr_Diffuse.jpg
  artifactKey: Guid(0fac6d6d08de7cf44b4b1823679af519) Importer(815301076,1909f56bfc062723c751e8b465ee728b)
Start importing Assets/CC_Assets/testaaa_LODGroup.fbm/Std_Tongue_Pbr_Diffuse.jpg using Guid(0fac6d6d08de7cf44b4b1823679af519) Importer(815301076,1909f56bfc062723c751e8b465ee728b)  -> (artifact id: '9535b13af1b3961c36b81247cfb4974d') in 0.010007 seconds 
  Import took 0.014440 seconds .

========================================================================
Received Import Request.
  Time since last request: 13.979461 seconds.
  path: Assets/CC_Assets/Enemy.fbm
  artifactKey: Guid(7d3a60fa053e78a408f6ce63a862455f) Importer(815301076,1909f56bfc062723c751e8b465ee728b)
Start importing Assets/CC_Assets/Enemy.fbm using Guid(7d3a60fa053e78a408f6ce63a862455f) Importer(815301076,1909f56bfc062723c751e8b465ee728b)  -> (artifact id: 'c662f033ee6012c19c8d7eb4b4cca3f0') in 0.006240 seconds 
  Import took 0.011607 seconds .

========================================================================
Received Import Request.
  Time since last request: 0.033872 seconds.
  path: Assets/CC_Assets/Enemy.fbm/Bra_Pbr_Diffuse.png
  artifactKey: Guid(1d83bb149f0925a4abd305ee491ae9dc) Importer(815301076,1909f56bfc062723c751e8b465ee728b)
Start importing Assets/CC_Assets/Enemy.fbm/Bra_Pbr_Diffuse.png using Guid(1d83bb149f0925a4abd305ee491ae9dc) Importer(815301076,1909f56bfc062723c751e8b465ee728b)  -> (artifact id: '6a0fab175a180490f1419f21f191adc2') in 0.011128 seconds 
  Import took 0.017154 seconds .

========================================================================
Received Import Request.
  Time since last request: 0.000165 seconds.
  path: Assets/CC_Assets/Enemy.fbm/Std_Eye_R_Pbr_Diffuse.jpg
  artifactKey: Guid(025a109cb7881134f8b01915fe39fe5d) Importer(815301076,1909f56bfc062723c751e8b465ee728b)
Start importing Assets/CC_Assets/Enemy.fbm/Std_Eye_R_Pbr_Diffuse.jpg using Guid(025a109cb7881134f8b01915fe39fe5d) Importer(815301076,1909f56bfc062723c751e8b465ee728b)  -> (artifact id: '5df345bc838c8c8046601b2035f90927') in 0.010365 seconds 
  Import took 0.015341 seconds .

========================================================================
Received Import Request.
  Time since last request: 0.000179 seconds.
  path: Assets/CC_Assets/Enemy.fbm/Std_Eye_R_Pbr_Normal.png
  artifactKey: Guid(c79e4547b600e734c82e4a5db672e354) Importer(815301076,1909f56bfc062723c751e8b465ee728b)
Start importing Assets/CC_Assets/Enemy.fbm/Std_Eye_R_Pbr_Normal.png using Guid(c79e4547b600e734c82e4a5db672e354) Importer(815301076,1909f56bfc062723c751e8b465ee728b)  -> (artifact id: '3b9320ff032dda7cda88629334ffaff0') in 0.010144 seconds 
  Import took 0.014953 seconds .

========================================================================
Received Import Request.
  Time since last request: 0.000180 seconds.
  path: Assets/CC_Assets/Enemy.fbm/Std_Eye_Occlusion_L_Pbr_Diffuse.png
  artifactKey: Guid(b17c0c3dec20282499a7897b0f94cec5) Importer(815301076,1909f56bfc062723c751e8b465ee728b)
Start importing Assets/CC_Assets/Enemy.fbm/Std_Eye_Occlusion_L_Pbr_Diffuse.png using Guid(b17c0c3dec20282499a7897b0f94cec5) Importer(815301076,1909f56bfc062723c751e8b465ee728b)  -> (artifact id: '581b3c4218681eccecdae08070e9dbb0') in 0.009258 seconds 
  Import took 0.013835 seconds .

========================================================================
Received Import Request.
  Time since last request: 0.000171 seconds.
  path: Assets/CC_Assets/Enemy.fbm/Std_Eyelash_Pbr_Diffuse.png
  artifactKey: Guid(4512f3d6c7ff4aa4abc27573f4c45a21) Importer(815301076,1909f56bfc062723c751e8b465ee728b)
Start importing Assets/CC_Assets/Enemy.fbm/Std_Eyelash_Pbr_Diffuse.png using Guid(4512f3d6c7ff4aa4abc27573f4c45a21) Importer(815301076,1909f56bfc062723c751e8b465ee728b)  -> (artifact id: '299707371791a3cdc715fea45ec39429') in 0.010900 seconds 
  Import took 0.015386 seconds .

========================================================================
Received Import Request.
  Time since last request: 0.000149 seconds.
  path: Assets/CC_Assets/Enemy.fbm/Std_Eye_L_Pbr_Normal.png
  artifactKey: Guid(4df0171d89461244fbfde5f706408132) Importer(815301076,1909f56bfc062723c751e8b465ee728b)
Start importing Assets/CC_Assets/Enemy.fbm/Std_Eye_L_Pbr_Normal.png using Guid(4df0171d89461244fbfde5f706408132) Importer(815301076,1909f56bfc062723c751e8b465ee728b)  -> (artifact id: 'fea770b3cf0d5ce489b0f96785a89832') in 0.012104 seconds 
  Import took 0.016941 seconds .

========================================================================
Received Import Request.
  Time since last request: 0.000165 seconds.
  path: Assets/CC_Assets/Enemy.fbm/Std_Eye_Occlusion_R_Pbr_Diffuse.png
  artifactKey: Guid(f9f26a289ab694645844272b98300cb1) Importer(815301076,1909f56bfc062723c751e8b465ee728b)
Start importing Assets/CC_Assets/Enemy.fbm/Std_Eye_Occlusion_R_Pbr_Diffuse.png using Guid(f9f26a289ab694645844272b98300cb1) Importer(815301076,1909f56bfc062723c751e8b465ee728b)  -> (artifact id: '40c24ebe69cf8951f113106abeecd6bb') in 0.009652 seconds 
  Import took 0.014624 seconds .

========================================================================
Received Import Request.
  Time since last request: 0.000169 seconds.
  path: Assets/CC_Assets/Enemy.fbm/Bra_Pbr_Normal.png
  artifactKey: Guid(cf48919fc8ecd954f975fa8d2c8b4460) Importer(815301076,1909f56bfc062723c751e8b465ee728b)
Start importing Assets/CC_Assets/Enemy.fbm/Bra_Pbr_Normal.png using Guid(cf48919fc8ecd954f975fa8d2c8b4460) Importer(815301076,1909f56bfc062723c751e8b465ee728b)  -> (artifact id: 'e4bef67e7b8815c455e97375a981489b') in 0.011232 seconds 
  Import took 0.016316 seconds .

========================================================================
Received Import Request.
  Time since last request: 0.000163 seconds.
  path: Assets/CC_Assets/Enemy.fbm/Std_Cornea_L_Pbr_Diffuse.png
  artifactKey: Guid(8a3f74582d2d9724daee95f9c43a62fd) Importer(815301076,1909f56bfc062723c751e8b465ee728b)
Start importing Assets/CC_Assets/Enemy.fbm/Std_Cornea_L_Pbr_Diffuse.png using Guid(8a3f74582d2d9724daee95f9c43a62fd) Importer(815301076,1909f56bfc062723c751e8b465ee728b)  -> (artifact id: 'cbd3b4a8cc28196f8208497f243d20ee') in 0.012447 seconds 
  Import took 0.017321 seconds .

========================================================================
Received Import Request.
  Time since last request: 0.000170 seconds.
  path: Assets/CC_Assets/Enemy.fbm/Std_Eye_L_Pbr_Diffuse.jpg
  artifactKey: Guid(caf666903adbb1a41a906a6efa9d7729) Importer(815301076,1909f56bfc062723c751e8b465ee728b)
Start importing Assets/CC_Assets/Enemy.fbm/Std_Eye_L_Pbr_Diffuse.jpg using Guid(caf666903adbb1a41a906a6efa9d7729) Importer(815301076,1909f56bfc062723c751e8b465ee728b)  -> (artifact id: '846562ce2890532362e174dcb5310a6f') in 0.012397 seconds 
  Import took 0.017327 seconds .

========================================================================
Received Import Request.
  Time since last request: 0.000175 seconds.
  path: Assets/CC_Assets/Enemy.fbm/Std_Cornea_R_Pbr_Diffuse.png
  artifactKey: Guid(e36b4ab9ae614da40baa85e46f5d1b1c) Importer(815301076,1909f56bfc062723c751e8b465ee728b)
Start importing Assets/CC_Assets/Enemy.fbm/Std_Cornea_R_Pbr_Diffuse.png using Guid(e36b4ab9ae614da40baa85e46f5d1b1c) Importer(815301076,1909f56bfc062723c751e8b465ee728b)  -> (artifact id: '9c536d0877f065e51abb0bc0b6e36f18') in 0.010450 seconds 
  Import took 0.015349 seconds .

========================================================================
Received Import Request.
  Time since last request: 0.250331 seconds.
  path: Assets/CC_Assets/Enemy.fbm/Std_Eyelash_Pbr_Normal.png
  artifactKey: Guid(828930fb4490d2a4eb043b5de51cf926) Importer(815301076,1909f56bfc062723c751e8b465ee728b)
Start importing Assets/CC_Assets/Enemy.fbm/Std_Eyelash_Pbr_Normal.png using Guid(828930fb4490d2a4eb043b5de51cf926) Importer(815301076,1909f56bfc062723c751e8b465ee728b)  -> (artifact id: 'ea06e6c6de9697b86150b8e3b7175059') in 0.011537 seconds 
  Import took 0.017148 seconds .

========================================================================
Received Import Request.
  Time since last request: 0.000162 seconds.
  path: Assets/CC_Assets/Enemy.fbm/Std_Lower_Teeth_Pbr_Diffuse.png
  artifactKey: Guid(23c81b77c7cd4d54792a71fedeb64c5f) Importer(815301076,1909f56bfc062723c751e8b465ee728b)
Start importing Assets/CC_Assets/Enemy.fbm/Std_Lower_Teeth_Pbr_Diffuse.png using Guid(23c81b77c7cd4d54792a71fedeb64c5f) Importer(815301076,1909f56bfc062723c751e8b465ee728b)  -> (artifact id: '0511f5f82ddc43db8d9d04bc3b8b9959') in 0.011575 seconds 
  Import took 0.016590 seconds .

========================================================================
Received Import Request.
  Time since last request: 0.000301 seconds.
  path: Assets/CC_Assets/Enemy.fbm/Std_Lower_Teeth_Pbr_Normal.png
  artifactKey: Guid(8ba90b9f9dfcf33499b8aa308623e4eb) Importer(815301076,1909f56bfc062723c751e8b465ee728b)
Start importing Assets/CC_Assets/Enemy.fbm/Std_Lower_Teeth_Pbr_Normal.png using Guid(8ba90b9f9dfcf33499b8aa308623e4eb) Importer(815301076,1909f56bfc062723c751e8b465ee728b)  -> (artifact id: '4377b18241014702cc0c3ff7bb335de3') in 0.010861 seconds 
  Import took 0.016031 seconds .

========================================================================
Received Import Request.
  Time since last request: 0.000161 seconds.
  path: Assets/CC_Assets/Enemy.fbm/Std_Nails_Pbr_Diffuse.jpg
  artifactKey: Guid(e0249d3ccf089c24682134194a832450) Importer(815301076,1909f56bfc062723c751e8b465ee728b)
Start importing Assets/CC_Assets/Enemy.fbm/Std_Nails_Pbr_Diffuse.jpg using Guid(e0249d3ccf089c24682134194a832450) Importer(815301076,1909f56bfc062723c751e8b465ee728b)  -> (artifact id: 'ed36bc12380daa3c19dcbc1da17d4d9c') in 0.012738 seconds 
  Import took 0.017755 seconds .

========================================================================
Received Import Request.
  Time since last request: 0.000175 seconds.
  path: Assets/CC_Assets/Enemy.fbm/Std_Skin_Arm_Pbr_Normal.png
  artifactKey: Guid(af8c229af9629334fbb94323048f0db8) Importer(815301076,1909f56bfc062723c751e8b465ee728b)
Start importing Assets/CC_Assets/Enemy.fbm/Std_Skin_Arm_Pbr_Normal.png using Guid(af8c229af9629334fbb94323048f0db8) Importer(815301076,1909f56bfc062723c751e8b465ee728b)  -> (artifact id: 'd4fec306bf1567cba4bc532367e9c7a8') in 0.013611 seconds 
  Import took 0.018914 seconds .

========================================================================
Received Import Request.
  Time since last request: 0.000167 seconds.
  path: Assets/CC_Assets/Enemy.fbm/Std_Skin_Head_Pbr_Diffuse.jpg
  artifactKey: Guid(2be77b8e2583c7545b72df133001bbda) Importer(815301076,1909f56bfc062723c751e8b465ee728b)
Start importing Assets/CC_Assets/Enemy.fbm/Std_Skin_Head_Pbr_Diffuse.jpg using Guid(2be77b8e2583c7545b72df133001bbda) Importer(815301076,1909f56bfc062723c751e8b465ee728b)  -> (artifact id: 'afc91b56e66444e91630cb7ba5758f80') in 0.011224 seconds 
  Import took 0.016198 seconds .

========================================================================
Received Import Request.
  Time since last request: 0.000155 seconds.
  path: Assets/CC_Assets/Enemy.fbm/Std_Skin_Body_Pbr_Normal.png
  artifactKey: Guid(a5361eb18f9a1874b8390d94708eab24) Importer(815301076,1909f56bfc062723c751e8b465ee728b)
Start importing Assets/CC_Assets/Enemy.fbm/Std_Skin_Body_Pbr_Normal.png using Guid(a5361eb18f9a1874b8390d94708eab24) Importer(815301076,1909f56bfc062723c751e8b465ee728b)  -> (artifact id: 'd320f426ca05ac90c291fc09e6dcf842') in 0.011990 seconds 
  Import took 0.016971 seconds .

========================================================================
Received Import Request.
  Time since last request: 0.000174 seconds.
  path: Assets/CC_Assets/Enemy.fbm/Std_Skin_Body_Pbr_Diffuse.jpg
  artifactKey: Guid(94248bdc9c0a26949828bafa23732a89) Importer(815301076,1909f56bfc062723c751e8b465ee728b)
Start importing Assets/CC_Assets/Enemy.fbm/Std_Skin_Body_Pbr_Diffuse.jpg using Guid(94248bdc9c0a26949828bafa23732a89) Importer(815301076,1909f56bfc062723c751e8b465ee728b)  -> (artifact id: '36ab5898f5ff26234730561a872b11a7') in 0.015139 seconds 
  Import took 0.020066 seconds .

========================================================================
Received Import Request.
  Time since last request: 0.000161 seconds.
  path: Assets/CC_Assets/Enemy.fbm/Std_Nails_Pbr_Normal.png
  artifactKey: Guid(85e1458cfc5e6604eb2eaa6c09c29228) Importer(815301076,1909f56bfc062723c751e8b465ee728b)
Start importing Assets/CC_Assets/Enemy.fbm/Std_Nails_Pbr_Normal.png using Guid(85e1458cfc5e6604eb2eaa6c09c29228) Importer(815301076,1909f56bfc062723c751e8b465ee728b)  -> (artifact id: 'b666a69e8c4a2fe67758d1230237f7ba') in 0.013051 seconds 
  Import took 0.018069 seconds .

========================================================================
Received Import Request.
  Time since last request: 0.000144 seconds.
  path: Assets/CC_Assets/Enemy.fbm/Std_Skin_Arm_Pbr_Diffuse.jpg
  artifactKey: Guid(7cf27cf82e73f714c9daf40fd0f14ded) Importer(815301076,1909f56bfc062723c751e8b465ee728b)
Start importing Assets/CC_Assets/Enemy.fbm/Std_Skin_Arm_Pbr_Diffuse.jpg using Guid(7cf27cf82e73f714c9daf40fd0f14ded) Importer(815301076,1909f56bfc062723c751e8b465ee728b)  -> (artifact id: 'c98f2ca0351b49d84f85c514acc00fac') in 0.012214 seconds 
  Import took 0.017088 seconds .

========================================================================
Received Import Request.
  Time since last request: 0.070247 seconds.
  path: Assets/CC_Assets/Enemy.fbm/Std_Skin_Head_Pbr_Normal.png
  artifactKey: Guid(a7a013b2e18fe9943a6faeffd292b2b6) Importer(815301076,1909f56bfc062723c751e8b465ee728b)
Start importing Assets/CC_Assets/Enemy.fbm/Std_Skin_Head_Pbr_Normal.png using Guid(a7a013b2e18fe9943a6faeffd292b2b6) Importer(815301076,1909f56bfc062723c751e8b465ee728b)  -> (artifact id: '441ffbf35b5c5d02ebb92b3378a77746') in 0.013192 seconds 
  Import took 0.018860 seconds .

========================================================================
Received Import Request.
  Time since last request: 0.000180 seconds.
  path: Assets/CC_Assets/Enemy.fbm/Std_Tearline_L_Pbr_Diffuse.png
  artifactKey: Guid(557e1195b46bf2d4b95c92ce45c6d9bb) Importer(815301076,1909f56bfc062723c751e8b465ee728b)
Start importing Assets/CC_Assets/Enemy.fbm/Std_Tearline_L_Pbr_Diffuse.png using Guid(557e1195b46bf2d4b95c92ce45c6d9bb) Importer(815301076,1909f56bfc062723c751e8b465ee728b)  -> (artifact id: '0b45eabe773871cc49d0a19bdafa0261') in 0.005995 seconds 
  Import took 0.010582 seconds .

========================================================================
Received Import Request.
  Time since last request: 0.000220 seconds.
  path: Assets/CC_Assets/Enemy.fbm/Std_Tongue_Pbr_Diffuse.png
  artifactKey: Guid(0fcf61d916da6d448839d37fc39edc9d) Importer(815301076,1909f56bfc062723c751e8b465ee728b)
Start importing Assets/CC_Assets/Enemy.fbm/Std_Tongue_Pbr_Diffuse.png using Guid(0fcf61d916da6d448839d37fc39edc9d) Importer(815301076,1909f56bfc062723c751e8b465ee728b)  -> (artifact id: 'bb72b8501b565228bcf6f0b6f104f9ff') in 0.012871 seconds 
  Import took 0.018328 seconds .

========================================================================
Received Import Request.
  Time since last request: 0.000157 seconds.
  path: Assets/CC_Assets/Enemy.fbm/Std_Tongue_Pbr_Normal.png
  artifactKey: Guid(d1a15c51145e2824699f78781f06891f) Importer(815301076,1909f56bfc062723c751e8b465ee728b)
Start importing Assets/CC_Assets/Enemy.fbm/Std_Tongue_Pbr_Normal.png using Guid(d1a15c51145e2824699f78781f06891f) Importer(815301076,1909f56bfc062723c751e8b465ee728b)  -> (artifact id: '90c3be9b5d1314f36c8615152a025282') in 0.011623 seconds 
  Import took 0.016796 seconds .

========================================================================
Received Import Request.
  Time since last request: 0.000176 seconds.
  path: Assets/CC_Assets/Enemy.fbm/Underwear_Bottoms_Pbr_Diffuse.png
  artifactKey: Guid(5578f5ebdbcff264785167280574769c) Importer(815301076,1909f56bfc062723c751e8b465ee728b)
Start importing Assets/CC_Assets/Enemy.fbm/Underwear_Bottoms_Pbr_Diffuse.png using Guid(5578f5ebdbcff264785167280574769c) Importer(815301076,1909f56bfc062723c751e8b465ee728b)  -> (artifact id: '0930ec26f555bb7d518f943030880c29') in 0.011677 seconds 
  Import took 0.016742 seconds .

========================================================================
Received Import Request.
  Time since last request: 0.000158 seconds.
  path: Assets/CC_Assets/Enemy.fbm/Std_Skin_Leg_Pbr_Diffuse.jpg
  artifactKey: Guid(d203b3ce051fa2c46b4343f682836685) Importer(815301076,1909f56bfc062723c751e8b465ee728b)
Start importing Assets/CC_Assets/Enemy.fbm/Std_Skin_Leg_Pbr_Diffuse.jpg using Guid(d203b3ce051fa2c46b4343f682836685) Importer(815301076,1909f56bfc062723c751e8b465ee728b)  -> (artifact id: 'cd32b3f6b87d1f36034c24f750b516e3') in 0.011884 seconds 
  Import took 0.016269 seconds .

========================================================================
Received Import Request.
  Time since last request: 0.000165 seconds.
  path: Assets/CC_Assets/Enemy.fbm/Std_Tearline_R_Pbr_Diffuse.png
  artifactKey: Guid(4ffb33aa388935e48bd60482b9623883) Importer(815301076,1909f56bfc062723c751e8b465ee728b)
Start importing Assets/CC_Assets/Enemy.fbm/Std_Tearline_R_Pbr_Diffuse.png using Guid(4ffb33aa388935e48bd60482b9623883) Importer(815301076,1909f56bfc062723c751e8b465ee728b)  -> (artifact id: '11810d20c5fad441a95a6e6359bbab1c') in 0.005624 seconds 
  Import took 0.010134 seconds .

========================================================================
Received Import Request.
  Time since last request: 0.000157 seconds.
  path: Assets/CC_Assets/Enemy.fbm/Std_Upper_Teeth_Pbr_Normal.png
  artifactKey: Guid(9cca3e2c017ff8142b60abeafa7f241a) Importer(815301076,1909f56bfc062723c751e8b465ee728b)
Start importing Assets/CC_Assets/Enemy.fbm/Std_Upper_Teeth_Pbr_Normal.png using Guid(9cca3e2c017ff8142b60abeafa7f241a) Importer(815301076,1909f56bfc062723c751e8b465ee728b)  -> (artifact id: 'a2714fa7aa5ba9d9dd4f9e17e26c7762') in 0.008943 seconds 
  Import took 0.013068 seconds .

========================================================================
Received Import Request.
  Time since last request: 0.000154 seconds.
  path: Assets/CC_Assets/Enemy.fbm/Std_Skin_Leg_Pbr_Normal.png
  artifactKey: Guid(5df95b02384b1624e9c98d46dc3aa910) Importer(815301076,1909f56bfc062723c751e8b465ee728b)
Start importing Assets/CC_Assets/Enemy.fbm/Std_Skin_Leg_Pbr_Normal.png using Guid(5df95b02384b1624e9c98d46dc3aa910) Importer(815301076,1909f56bfc062723c751e8b465ee728b)  -> (artifact id: '42d6cc94f22f9d71744066a1cf34f234') in 0.012119 seconds 
  Import took 0.016320 seconds .

========================================================================
Received Import Request.
  Time since last request: 0.000172 seconds.
  path: Assets/CC_Assets/Enemy.fbm/Std_Upper_Teeth_Pbr_Diffuse.png
  artifactKey: Guid(f3f1865d16409074c90b07cec16ca92c) Importer(815301076,1909f56bfc062723c751e8b465ee728b)
Start importing Assets/CC_Assets/Enemy.fbm/Std_Upper_Teeth_Pbr_Diffuse.png using Guid(f3f1865d16409074c90b07cec16ca92c) Importer(815301076,1909f56bfc062723c751e8b465ee728b)  -> (artifact id: '1abe4d2e03bfb8130220cc95b3c6aaa7') in 0.009319 seconds 
  Import took 0.013256 seconds .

========================================================================
Received Import Request.
  Time since last request: 0.079930 seconds.
  path: Assets/CC_Assets/Enemy.fbm/Underwear_Bottoms_Pbr_Normal.png
  artifactKey: Guid(8663853ea514b52438fd39f6639cdd49) Importer(815301076,1909f56bfc062723c751e8b465ee728b)
Start importing Assets/CC_Assets/Enemy.fbm/Underwear_Bottoms_Pbr_Normal.png using Guid(8663853ea514b52438fd39f6639cdd49) Importer(815301076,1909f56bfc062723c751e8b465ee728b)  -> (artifact id: '64483e5c84ffda641e9119985451444d') in 0.009966 seconds 
  Import took 0.014642 seconds .

========================================================================
Received Import Request.
  Time since last request: 5.071641 seconds.
  path: Assets/Animator/Player.controller
  artifactKey: Guid(18a5fa5f8c39fe844ac791435032943d) Importer(815301076,1909f56bfc062723c751e8b465ee728b)
Start importing Assets/Animator/Player.controller using Guid(18a5fa5f8c39fe844ac791435032943d) Importer(815301076,1909f56bfc062723c751e8b465ee728b)  -> (artifact id: '2887715499d8b2aa394d6eb7d3c6294d') in 0.119178 seconds 
  Import took 0.125549 seconds .

========================================================================
Received Import Request.
  Time since last request: 8.356237 seconds.
  path: Assets/CC_Assets/testaaa_LODGroup.json
  artifactKey: Guid(8f59ca6caae044049a518f419b90679d) Importer(815301076,1909f56bfc062723c751e8b465ee728b)
Start importing Assets/CC_Assets/testaaa_LODGroup.json using Guid(8f59ca6caae044049a518f419b90679d) Importer(815301076,1909f56bfc062723c751e8b465ee728b)  -> (artifact id: 'a76e9f49c9dc3ac5134c4e37d30b2b10') in 0.006715 seconds 
  Import took 0.021763 seconds .

========================================================================
Received Import Request.
  Time since last request: 20.850467 seconds.
  path: Assets/CC_Assets/testaaa_LODGroup 1.Fbx
  artifactKey: Guid(e817d860844cada45886c75b50bc1d3b) Importer(815301076,1909f56bfc062723c751e8b465ee728b)
Start importing Assets/CC_Assets/testaaa_LODGroup 1.Fbx using Guid(e817d860844cada45886c75b50bc1d3b) Importer(815301076,1909f56bfc062723c751e8b465ee728b)  -> (artifact id: '262ae762bd1c30c3bd669ac0cc2fe12b') in 0.496518 seconds 
  Import took 0.506565 seconds .

========================================================================
Received Import Request.
  Time since last request: 4.228320 seconds.
  path: Assets/CC_Assets/textures
  artifactKey: Guid(7e9af9718ef62aa4f810b7aa6eb26dd0) Importer(815301076,1909f56bfc062723c751e8b465ee728b)
Start importing Assets/CC_Assets/textures using Guid(7e9af9718ef62aa4f810b7aa6eb26dd0) Importer(815301076,1909f56bfc062723c751e8b465ee728b)  -> (artifact id: '0f91c00aa30afa0addaf039063d0b302') in 0.005236 seconds 
  Import took 0.009833 seconds .

========================================================================
Received Import Request.
  Time since last request: 0.810477 seconds.
  path: Assets/CC_Assets/textures/testaaa_LODGroup
  artifactKey: Guid(3be45b22411139c48b8b12a56e273134) Importer(815301076,1909f56bfc062723c751e8b465ee728b)
Start importing Assets/CC_Assets/textures/testaaa_LODGroup using Guid(3be45b22411139c48b8b12a56e273134) Importer(815301076,1909f56bfc062723c751e8b465ee728b)  -> (artifact id: 'b11808d788ed5e56bb10616dddc8fe6f') in 0.001722 seconds 
  Import took 0.006126 seconds .

========================================================================
Received Import Request.
  Time since last request: 0.045494 seconds.
  path: Assets/CC_Assets/textures/testaaa_LODGroup/Biker_Jeans_Pbr_ao.jpg
  artifactKey: Guid(fa40eaa87ac0420459f109451a7365db) Importer(815301076,1909f56bfc062723c751e8b465ee728b)
Start importing Assets/CC_Assets/textures/testaaa_LODGroup/Biker_Jeans_Pbr_ao.jpg using Guid(fa40eaa87ac0420459f109451a7365db) Importer(815301076,1909f56bfc062723c751e8b465ee728b)  -> (artifact id: 'f7e3a036ff8db514431322ebfccf2cff') in 0.106722 seconds 
  Import took 0.257737 seconds .

========================================================================
Received Import Request.
  Time since last request: 0.000168 seconds.
  path: Assets/CC_Assets/textures/testaaa_LODGroup/Loose_Biker_Boots_Pbr_HDRP.png
  artifactKey: Guid(b382e5fc55d09d04ca4211779a24d8bc) Importer(815301076,1909f56bfc062723c751e8b465ee728b)
Start importing Assets/CC_Assets/textures/testaaa_LODGroup/Loose_Biker_Boots_Pbr_HDRP.png using Guid(b382e5fc55d09d04ca4211779a24d8bc) Importer(815301076,1909f56bfc062723c751e8b465ee728b)  -> (artifact id: '1636fed3e36cf6351201e4753d913b2d') in 0.384366 seconds 
  Import took 0.388491 seconds .

========================================================================
Received Import Request.
  Time since last request: 0.000184 seconds.
  path: Assets/CC_Assets/textures/testaaa_LODGroup/remesh_6_combined_Remeshed_LOD2_Pbr_ao.png
  artifactKey: Guid(dbc9455f30927154898a57df59d3700b) Importer(815301076,1909f56bfc062723c751e8b465ee728b)
Start importing Assets/CC_Assets/textures/testaaa_LODGroup/remesh_6_combined_Remeshed_LOD2_Pbr_ao.png using Guid(dbc9455f30927154898a57df59d3700b) Importer(815301076,1909f56bfc062723c751e8b465ee728b)  -> (artifact id: 'a2201daa0a4457a93dad52ded5f7a5e4') in 0.138420 seconds 
  Import took 0.142801 seconds .

========================================================================
Received Import Request.
  Time since last request: 0.000181 seconds.
  path: Assets/CC_Assets/textures/testaaa_LODGroup/Loose_Biker_Boots_Pbr_MetallicAlpha.png
  artifactKey: Guid(b57b421fec4afb449a49f801ec4d3c60) Importer(815301076,1909f56bfc062723c751e8b465ee728b)
Start importing Assets/CC_Assets/textures/testaaa_LODGroup/Loose_Biker_Boots_Pbr_MetallicAlpha.png using Guid(b57b421fec4afb449a49f801ec4d3c60) Importer(815301076,1909f56bfc062723c751e8b465ee728b)  -> (artifact id: '020278a7556a0312442fdfa17eea754b') in 0.073124 seconds 
  Import took 0.077279 seconds .

========================================================================
Received Import Request.
  Time since last request: 0.000173 seconds.
  path: Assets/CC_Assets/textures/testaaa_LODGroup/remesh_6_combined_Remeshed_LOD1_Pbr_MetallicAlpha.png
  artifactKey: Guid(47061cfabff77024f94bc5331b3008e8) Importer(815301076,1909f56bfc062723c751e8b465ee728b)
Start importing Assets/CC_Assets/textures/testaaa_LODGroup/remesh_6_combined_Remeshed_LOD1_Pbr_MetallicAlpha.png using Guid(47061cfabff77024f94bc5331b3008e8) Importer(815301076,1909f56bfc062723c751e8b465ee728b)  -> (artifact id: '33d843f7e971e48de9ad3ef2af163ec7') in 0.050039 seconds 
  Import took 0.054412 seconds .

========================================================================
Received Import Request.
  Time since last request: 0.000177 seconds.
  path: Assets/CC_Assets/textures/testaaa_LODGroup/remesh_6_combined_Remeshed_LOD2_Pbr_HDRP.png
  artifactKey: Guid(721b95d793b0c5a4cbaf280cc0dcd3dd) Importer(815301076,1909f56bfc062723c751e8b465ee728b)
Start importing Assets/CC_Assets/textures/testaaa_LODGroup/remesh_6_combined_Remeshed_LOD2_Pbr_HDRP.png using Guid(721b95d793b0c5a4cbaf280cc0dcd3dd) Importer(815301076,1909f56bfc062723c751e8b465ee728b)  -> (artifact id: '716fb849a59f7373f14e364ff5244a3f') in 0.062314 seconds 
  Import took 0.067300 seconds .

========================================================================
Received Import Request.
  Time since last request: 0.000175 seconds.
  path: Assets/CC_Assets/textures/testaaa_LODGroup/remesh_6_combined_Remeshed_LOD1_Pbr_ao.png
  artifactKey: Guid(8b3b23343a4390146bce11b7c6e2cf45) Importer(815301076,1909f56bfc062723c751e8b465ee728b)
Start importing Assets/CC_Assets/textures/testaaa_LODGroup/remesh_6_combined_Remeshed_LOD1_Pbr_ao.png using Guid(8b3b23343a4390146bce11b7c6e2cf45) Importer(815301076,1909f56bfc062723c751e8b465ee728b)  -> (artifact id: 'f580d2d8fa7d9e43ec96082eb6224916') in 0.054874 seconds 
  Import took 0.059889 seconds .

========================================================================
Received Import Request.
  Time since last request: 0.000175 seconds.
  path: Assets/CC_Assets/textures/testaaa_LODGroup/Biker_Jeans_Pbr_MetallicAlpha.png
  artifactKey: Guid(07bdf08bc42344244a591a0f51335743) Importer(815301076,1909f56bfc062723c751e8b465ee728b)
Start importing Assets/CC_Assets/textures/testaaa_LODGroup/Biker_Jeans_Pbr_MetallicAlpha.png using Guid(07bdf08bc42344244a591a0f51335743) Importer(815301076,1909f56bfc062723c751e8b465ee728b)  -> (artifact id: 'f1f03638bde0e58c6bb7ca2ebe6db0ac') in 0.074879 seconds 
  Import took 0.079951 seconds .

========================================================================
Received Import Request.
  Time since last request: 0.000168 seconds.
  path: Assets/CC_Assets/textures/testaaa_LODGroup/Loose_Biker_Boots_Pbr_ao.jpg
  artifactKey: Guid(f102d064b004bb34895a70dc8b26be9c) Importer(815301076,1909f56bfc062723c751e8b465ee728b)
Start importing Assets/CC_Assets/textures/testaaa_LODGroup/Loose_Biker_Boots_Pbr_ao.jpg using Guid(f102d064b004bb34895a70dc8b26be9c) Importer(815301076,1909f56bfc062723c751e8b465ee728b)  -> (artifact id: '0ee76a6e08f13226241abd77e3ee51a1') in 0.093305 seconds 
  Import took 0.098449 seconds .

========================================================================
Received Import Request.
  Time since last request: 0.000169 seconds.
  path: Assets/CC_Assets/textures/testaaa_LODGroup/Biker_Jeans_Pbr_HDRP.png
  artifactKey: Guid(1715ba4619a72c945ab93738c19aa0aa) Importer(815301076,1909f56bfc062723c751e8b465ee728b)
Start importing Assets/CC_Assets/textures/testaaa_LODGroup/Biker_Jeans_Pbr_HDRP.png using Guid(1715ba4619a72c945ab93738c19aa0aa) Importer(815301076,1909f56bfc062723c751e8b465ee728b)  -> (artifact id: '0226933ab7f94b3b166e03a6e93f4a79') in 0.073747 seconds 
  Import took 0.079078 seconds .

========================================================================
Received Import Request.
  Time since last request: 0.000176 seconds.
  path: Assets/CC_Assets/textures/testaaa_LODGroup/remesh_6_combined_Remeshed_LOD1_Pbr_HDRP.png
  artifactKey: Guid(6e53519228ff6c949acdeb1bad6dd3c8) Importer(815301076,1909f56bfc062723c751e8b465ee728b)
Start importing Assets/CC_Assets/textures/testaaa_LODGroup/remesh_6_combined_Remeshed_LOD1_Pbr_HDRP.png using Guid(6e53519228ff6c949acdeb1bad6dd3c8) Importer(815301076,1909f56bfc062723c751e8b465ee728b)  -> (artifact id: '756f54525a4b0faa0c061cfa5a20e28e') in 0.050162 seconds 
  Import took 0.055438 seconds .

========================================================================
Received Import Request.
  Time since last request: 0.045091 seconds.
  path: Assets/CC_Assets/textures/testaaa_LODGroup/remesh_6_combined_Remeshed_LOD2_Pbr_MetallicAlpha.png
  artifactKey: Guid(da2b71b0f2918c64d95172f47c0dfde3) Importer(815301076,1909f56bfc062723c751e8b465ee728b)
Start importing Assets/CC_Assets/textures/testaaa_LODGroup/remesh_6_combined_Remeshed_LOD2_Pbr_MetallicAlpha.png using Guid(da2b71b0f2918c64d95172f47c0dfde3) Importer(815301076,1909f56bfc062723c751e8b465ee728b)  -> (artifact id: '3cdbfc3c25077cec25014bde35ebc827') in 0.035881 seconds 
  Import took 0.041661 seconds .

========================================================================
Received Import Request.
  Time since last request: 0.000172 seconds.
  path: Assets/CC_Assets/textures/testaaa_LODGroup/remesh_6_combined_Remeshed_LOD3_Pbr_ao.png
  artifactKey: Guid(da3d1df6a6a761f44b6ea06a0fd48a71) Importer(815301076,1909f56bfc062723c751e8b465ee728b)
Start importing Assets/CC_Assets/textures/testaaa_LODGroup/remesh_6_combined_Remeshed_LOD3_Pbr_ao.png using Guid(da3d1df6a6a761f44b6ea06a0fd48a71) Importer(815301076,1909f56bfc062723c751e8b465ee728b)  -> (artifact id: '732bc6908eb361f618cbcbb9ed26f341') in 0.033531 seconds 
  Import took 0.038368 seconds .

========================================================================
Received Import Request.
  Time since last request: 0.000171 seconds.
  path: Assets/CC_Assets/textures/testaaa_LODGroup/remesh_6_combined_Remeshed_LOD3_Pbr_HDRP.png
  artifactKey: Guid(f3817db9f584d624ebee5ffda7f813e2) Importer(815301076,1909f56bfc062723c751e8b465ee728b)
Start importing Assets/CC_Assets/textures/testaaa_LODGroup/remesh_6_combined_Remeshed_LOD3_Pbr_HDRP.png using Guid(f3817db9f584d624ebee5ffda7f813e2) Importer(815301076,1909f56bfc062723c751e8b465ee728b)  -> (artifact id: '7ac9eed4e80f25aad070a78b53b099a7') in 0.051198 seconds 
  Import took 0.056760 seconds .

========================================================================
Received Import Request.
  Time since last request: 0.000171 seconds.
  path: Assets/CC_Assets/textures/testaaa_LODGroup/remesh_6_combined_Remeshed_LOD3_Pbr_MetallicAlpha.png
  artifactKey: Guid(1a7bcfb0ac263b145ba5a27eb28100bc) Importer(815301076,1909f56bfc062723c751e8b465ee728b)
Start importing Assets/CC_Assets/textures/testaaa_LODGroup/remesh_6_combined_Remeshed_LOD3_Pbr_MetallicAlpha.png using Guid(1a7bcfb0ac263b145ba5a27eb28100bc) Importer(815301076,1909f56bfc062723c751e8b465ee728b)  -> (artifact id: 'cab343e7326b9d98ed71b1174f6c6b1c') in 0.048131 seconds 
  Import took 0.053253 seconds .

========================================================================
Received Import Request.
  Time since last request: 0.000171 seconds.
  path: Assets/CC_Assets/textures/testaaa_LODGroup/Std_Cornea_L_Pbr_MetallicAlpha.png
  artifactKey: Guid(39b816045f9aec3449bbebcf169b4282) Importer(815301076,1909f56bfc062723c751e8b465ee728b)
Start importing Assets/CC_Assets/textures/testaaa_LODGroup/Std_Cornea_L_Pbr_MetallicAlpha.png using Guid(39b816045f9aec3449bbebcf169b4282) Importer(815301076,1909f56bfc062723c751e8b465ee728b)  -> (artifact id: 'fcee583ff7457d97ba3778082393d70c') in 0.015896 seconds 
  Import took 0.020862 seconds .

========================================================================
Received Import Request.
  Time since last request: 0.000159 seconds.
  path: Assets/CC_Assets/textures/testaaa_LODGroup/Std_Cornea_L_Pbr_ao.jpg
  artifactKey: Guid(82b004d0d84462346b96efcf5c88e32f) Importer(815301076,1909f56bfc062723c751e8b465ee728b)
Start importing Assets/CC_Assets/textures/testaaa_LODGroup/Std_Cornea_L_Pbr_ao.jpg using Guid(82b004d0d84462346b96efcf5c88e32f) Importer(815301076,1909f56bfc062723c751e8b465ee728b)  -> (artifact id: '876ff34d6d93e24d69806122f3837125') in 0.031570 seconds 
  Import took 0.036516 seconds .

========================================================================
Received Import Request.
  Time since last request: 0.000186 seconds.
  path: Assets/CC_Assets/textures/testaaa_LODGroup/Std_Cornea_L_Pbr_Sclera.png
  artifactKey: Guid(9e413387bb8c0ae4d87ce21c76514651) Importer(815301076,1909f56bfc062723c751e8b465ee728b)
Start importing Assets/CC_Assets/textures/testaaa_LODGroup/Std_Cornea_L_Pbr_Sclera.png using Guid(9e413387bb8c0ae4d87ce21c76514651) Importer(815301076,1909f56bfc062723c751e8b465ee728b)  -> (artifact id: '4367040dc8325f12c1887f435db9cbcb') in 0.054449 seconds 
  Import took 0.059578 seconds .

========================================================================
Received Import Request.
  Time since last request: 0.000164 seconds.
  path: Assets/CC_Assets/textures/testaaa_LODGroup/Std_Cornea_L_Pbr_HDRP.png
  artifactKey: Guid(e0a13f503d4b40148ba74c5f3e4b0ed5) Importer(815301076,1909f56bfc062723c751e8b465ee728b)
Start importing Assets/CC_Assets/textures/testaaa_LODGroup/Std_Cornea_L_Pbr_HDRP.png using Guid(e0a13f503d4b40148ba74c5f3e4b0ed5) Importer(815301076,1909f56bfc062723c751e8b465ee728b)  -> (artifact id: '134192467106ba1c582675f5fd1e003b') in 0.038426 seconds 
  Import took 0.043613 seconds .

========================================================================
Received Import Request.
  Time since last request: 0.000150 seconds.
  path: Assets/CC_Assets/textures/testaaa_LODGroup/Std_Cornea_R_Pbr_IrisMask.png
  artifactKey: Guid(172c2184e9829a04ca5d2abd756b88c0) Importer(815301076,1909f56bfc062723c751e8b465ee728b)
Start importing Assets/CC_Assets/textures/testaaa_LODGroup/Std_Cornea_R_Pbr_IrisMask.png using Guid(172c2184e9829a04ca5d2abd756b88c0) Importer(815301076,1909f56bfc062723c751e8b465ee728b)  -> (artifact id: '13d960df1a3b70cd1525370e91a011c1') in 0.020386 seconds 
  Import took 0.025625 seconds .

========================================================================
Received Import Request.
  Time since last request: 0.000176 seconds.
  path: Assets/CC_Assets/textures/testaaa_LODGroup/Std_Eye_Occlusion_L_Pbr_HDRP.png
  artifactKey: Guid(9174f8cd618b910458da3c1f74030c54) Importer(815301076,1909f56bfc062723c751e8b465ee728b)
Start importing Assets/CC_Assets/textures/testaaa_LODGroup/Std_Eye_Occlusion_L_Pbr_HDRP.png using Guid(9174f8cd618b910458da3c1f74030c54) Importer(815301076,1909f56bfc062723c751e8b465ee728b)  -> (artifact id: '2aa3eba82d648ba0d888516d1781e0af') in 0.042146 seconds 
  Import took 0.047281 seconds .

========================================================================
Received Import Request.
  Time since last request: 0.000167 seconds.
  path: Assets/CC_Assets/textures/testaaa_LODGroup/Std_Cornea_L_Pbr_ScleraN.png
  artifactKey: Guid(0112368a5845fc64f99a256146419537) Importer(815301076,1909f56bfc062723c751e8b465ee728b)
Start importing Assets/CC_Assets/textures/testaaa_LODGroup/Std_Cornea_L_Pbr_ScleraN.png using Guid(0112368a5845fc64f99a256146419537) Importer(815301076,1909f56bfc062723c751e8b465ee728b)  -> (artifact id: 'b0cad3d4f53b466a8e7aaa29f6013884') in 0.031902 seconds 
  Import took 0.036927 seconds .

========================================================================
Received Import Request.
  Time since last request: 0.000169 seconds.
  path: Assets/CC_Assets/textures/testaaa_LODGroup/Std_Cornea_R_Pbr_Sclera.png
  artifactKey: Guid(c2115115bf8baee498a3d411d9a6a539) Importer(815301076,1909f56bfc062723c751e8b465ee728b)
Start importing Assets/CC_Assets/textures/testaaa_LODGroup/Std_Cornea_R_Pbr_Sclera.png using Guid(c2115115bf8baee498a3d411d9a6a539) Importer(815301076,1909f56bfc062723c751e8b465ee728b)  -> (artifact id: '656d11d46617f19133f9d8c61d02c369') in 0.029461 seconds 
  Import took 0.034519 seconds .

========================================================================
Received Import Request.
  Time since last request: 0.000176 seconds.
  path: Assets/CC_Assets/textures/testaaa_LODGroup/Std_Cornea_R_Pbr_BCBMap.jpg
  artifactKey: Guid(552632879a30acd44931c7797f3814d8) Importer(815301076,1909f56bfc062723c751e8b465ee728b)
Start importing Assets/CC_Assets/textures/testaaa_LODGroup/Std_Cornea_R_Pbr_BCBMap.jpg using Guid(552632879a30acd44931c7797f3814d8) Importer(815301076,1909f56bfc062723c751e8b465ee728b)  -> (artifact id: '6528009a21974b448278ad387c7acbf6') in 0.049718 seconds 
  Import took 0.054780 seconds .

========================================================================
Received Import Request.
  Time since last request: 0.000172 seconds.
  path: Assets/CC_Assets/textures/testaaa_LODGroup/Std_Cornea_R_Pbr_ao.jpg
  artifactKey: Guid(18a9d7325fc23af49831ab404c6b07fd) Importer(815301076,1909f56bfc062723c751e8b465ee728b)
Start importing Assets/CC_Assets/textures/testaaa_LODGroup/Std_Cornea_R_Pbr_ao.jpg using Guid(18a9d7325fc23af49831ab404c6b07fd) Importer(815301076,1909f56bfc062723c751e8b465ee728b)  -> (artifact id: '0ac819326052dc3bed3c2c466d3bdcfb') in 0.026654 seconds 
  Import took 0.031553 seconds .

========================================================================
Received Import Request.
  Time since last request: 0.000186 seconds.
  path: Assets/CC_Assets/textures/testaaa_LODGroup/Std_Eye_Occlusion_R_Pbr_HDRP.png
  artifactKey: Guid(cee1bfce8efd3fd4fb245d573bfa23fd) Importer(815301076,1909f56bfc062723c751e8b465ee728b)
Start importing Assets/CC_Assets/textures/testaaa_LODGroup/Std_Eye_Occlusion_R_Pbr_HDRP.png using Guid(cee1bfce8efd3fd4fb245d573bfa23fd) Importer(815301076,1909f56bfc062723c751e8b465ee728b)  -> (artifact id: 'e7046b54a7ecb1dfc862b6e735899cd1') in 0.024398 seconds 
  Import took 0.029486 seconds .

========================================================================
Received Import Request.
  Time since last request: 0.000158 seconds.
  path: Assets/CC_Assets/textures/testaaa_LODGroup/Std_Eye_R_Pbr_MetallicAlpha.png
  artifactKey: Guid(d09d46abf4431a944a02a805fe82ab90) Importer(815301076,1909f56bfc062723c751e8b465ee728b)
Start importing Assets/CC_Assets/textures/testaaa_LODGroup/Std_Eye_R_Pbr_MetallicAlpha.png using Guid(d09d46abf4431a944a02a805fe82ab90) Importer(815301076,1909f56bfc062723c751e8b465ee728b)  -> (artifact id: 'b0e338f18facd3869d0ecec460f19ae0') in 0.039650 seconds 
  Import took 0.045248 seconds .

========================================================================
Received Import Request.
  Time since last request: 0.000169 seconds.
  path: Assets/CC_Assets/textures/testaaa_LODGroup/Std_Eyelash_Pbr_ResourceMap_Position.png
  artifactKey: Guid(469416ecdff285f48b910befa0d3b76a) Importer(815301076,1909f56bfc062723c751e8b465ee728b)
Start importing Assets/CC_Assets/textures/testaaa_LODGroup/Std_Eyelash_Pbr_ResourceMap_Position.png using Guid(469416ecdff285f48b910befa0d3b76a) Importer(815301076,1909f56bfc062723c751e8b465ee728b)  -> (artifact id: 'd2a0a16fd5814a76f05beb79cb3fa3f2') in 0.026913 seconds 
  Import took 0.032339 seconds .

========================================================================
Received Import Request.
  Time since last request: 0.000166 seconds.
  path: Assets/CC_Assets/textures/testaaa_LODGroup/Std_Eye_Occlusion_R_Pbr_MetallicAlpha.png
  artifactKey: Guid(d44e9dac468f7384da6d3a6d227b651a) Importer(815301076,1909f56bfc062723c751e8b465ee728b)
Start importing Assets/CC_Assets/textures/testaaa_LODGroup/Std_Eye_Occlusion_R_Pbr_MetallicAlpha.png using Guid(d44e9dac468f7384da6d3a6d227b651a) Importer(815301076,1909f56bfc062723c751e8b465ee728b)  -> (artifact id: 'c80ebd645da2dc01e42b3b3298cfe549') in 0.027335 seconds 
  Import took 0.032932 seconds .

========================================================================
Received Import Request.
  Time since last request: 0.000151 seconds.
  path: Assets/CC_Assets/textures/testaaa_LODGroup/Std_Cornea_R_Pbr_MetallicAlpha.png
  artifactKey: Guid(20f18d6abff05524caf9906c9f720ff2) Importer(815301076,1909f56bfc062723c751e8b465ee728b)
Start importing Assets/CC_Assets/textures/testaaa_LODGroup/Std_Cornea_R_Pbr_MetallicAlpha.png using Guid(20f18d6abff05524caf9906c9f720ff2) Importer(815301076,1909f56bfc062723c751e8b465ee728b)  -> (artifact id: '423db8494a06116763b61540bf3d8822') in 0.019999 seconds 
  Import took 0.025562 seconds .

========================================================================
Received Import Request.
  Time since last request: 0.000163 seconds.
  path: Assets/CC_Assets/textures/testaaa_LODGroup/Std_Eye_L_Pbr_HDRP.png
  artifactKey: Guid(301c750b9bc61ce43993292984b36f70) Importer(815301076,1909f56bfc062723c751e8b465ee728b)
Start importing Assets/CC_Assets/textures/testaaa_LODGroup/Std_Eye_L_Pbr_HDRP.png using Guid(301c750b9bc61ce43993292984b36f70) Importer(815301076,1909f56bfc062723c751e8b465ee728b)  -> (artifact id: '6101f21d1550fc9b6f20c5cfe2447f08') in 0.028396 seconds 
  Import took 0.033625 seconds .

========================================================================
Received Import Request.
  Time since last request: 0.000162 seconds.
  path: Assets/CC_Assets/textures/testaaa_LODGroup/Std_Eyelash_Pbr_MetallicAlpha.png
  artifactKey: Guid(21f81941ab3dbf444a81f822f897ba6a) Importer(815301076,1909f56bfc062723c751e8b465ee728b)
Start importing Assets/CC_Assets/textures/testaaa_LODGroup/Std_Eyelash_Pbr_MetallicAlpha.png using Guid(21f81941ab3dbf444a81f822f897ba6a) Importer(815301076,1909f56bfc062723c751e8b465ee728b)  -> (artifact id: '3fb15430d2982274e03b729c867e4822') in 0.075666 seconds 
  Import took 0.080814 seconds .

========================================================================
Received Import Request.
  Time since last request: 0.000194 seconds.
  path: Assets/CC_Assets/textures/testaaa_LODGroup/Std_Eye_R_Pbr_HDRP.png
  artifactKey: Guid(4b86bb0bbfb22b948aa9306bd88e8644) Importer(815301076,1909f56bfc062723c751e8b465ee728b)
Start importing Assets/CC_Assets/textures/testaaa_LODGroup/Std_Eye_R_Pbr_HDRP.png using Guid(4b86bb0bbfb22b948aa9306bd88e8644) Importer(815301076,1909f56bfc062723c751e8b465ee728b)  -> (artifact id: 'd0ac0a8f8b1e27fa9d5087084cc0d981') in 0.047659 seconds 
  Import took 0.052884 seconds .

========================================================================
Received Import Request.
  Time since last request: 0.000168 seconds.
  path: Assets/CC_Assets/textures/testaaa_LODGroup/Std_Eyelash_Pbr_ResourceMap_WSNormal.png
  artifactKey: Guid(63c87a481763f4f48ac86e9c20b3e27d) Importer(815301076,1909f56bfc062723c751e8b465ee728b)
Start importing Assets/CC_Assets/textures/testaaa_LODGroup/Std_Eyelash_Pbr_ResourceMap_WSNormal.png using Guid(63c87a481763f4f48ac86e9c20b3e27d) Importer(815301076,1909f56bfc062723c751e8b465ee728b)  -> (artifact id: '877d6ce7079af20f5a6c4cad92bb6e59') in 0.030762 seconds 
  Import took 0.035477 seconds .

========================================================================
Received Import Request.
  Time since last request: 0.000178 seconds.
  path: Assets/CC_Assets/textures/testaaa_LODGroup/Std_Cornea_R_Pbr_HDRP.png
  artifactKey: Guid(4cdd396391c9c124e85683c2087f0179) Importer(815301076,1909f56bfc062723c751e8b465ee728b)
Start importing Assets/CC_Assets/textures/testaaa_LODGroup/Std_Cornea_R_Pbr_HDRP.png using Guid(4cdd396391c9c124e85683c2087f0179) Importer(815301076,1909f56bfc062723c751e8b465ee728b)  -> (artifact id: '0b8baa0a42445c0bb8a28902aa8bf9c2') in 0.022051 seconds 
  Import took 0.027107 seconds .

========================================================================
Received Import Request.
  Time since last request: 0.000164 seconds.
  path: Assets/CC_Assets/textures/testaaa_LODGroup/Std_Eye_Occlusion_L_Pbr_MetallicAlpha.png
  artifactKey: Guid(3d90bc0e544e6f544a34aedb45c31c3e) Importer(815301076,1909f56bfc062723c751e8b465ee728b)
Start importing Assets/CC_Assets/textures/testaaa_LODGroup/Std_Eye_Occlusion_L_Pbr_MetallicAlpha.png using Guid(3d90bc0e544e6f544a34aedb45c31c3e) Importer(815301076,1909f56bfc062723c751e8b465ee728b)  -> (artifact id: '22d15d0ac2f54228838c834f95296fe7') in 0.022498 seconds 
  Import took 0.027192 seconds .

========================================================================
Received Import Request.
  Time since last request: 0.000148 seconds.
  path: Assets/CC_Assets/textures/testaaa_LODGroup/Std_Cornea_R_Pbr_IrisN.png
  artifactKey: Guid(d9f273338b1468543acd20c4b50a4b6a) Importer(815301076,1909f56bfc062723c751e8b465ee728b)
Start importing Assets/CC_Assets/textures/testaaa_LODGroup/Std_Cornea_R_Pbr_IrisN.png using Guid(d9f273338b1468543acd20c4b50a4b6a) Importer(815301076,1909f56bfc062723c751e8b465ee728b)  -> (artifact id: 'c04920f6c9c47a52c03c682763a81f6a') in 0.032456 seconds 
  Import took 0.037386 seconds .

========================================================================
Received Import Request.
  Time since last request: 0.000156 seconds.
  path: Assets/CC_Assets/textures/testaaa_LODGroup/Std_Cornea_L_Pbr_IrisN.png
  artifactKey: Guid(a23d5a2076a34be48aab9112a4c90d1d) Importer(815301076,1909f56bfc062723c751e8b465ee728b)
Start importing Assets/CC_Assets/textures/testaaa_LODGroup/Std_Cornea_L_Pbr_IrisN.png using Guid(a23d5a2076a34be48aab9112a4c90d1d) Importer(815301076,1909f56bfc062723c751e8b465ee728b)  -> (artifact id: 'e26960347c88c19b1f519d1cd86e0a36') in 0.037797 seconds 
  Import took 0.042728 seconds .

========================================================================
Received Import Request.
  Time since last request: 0.000164 seconds.
  path: Assets/CC_Assets/textures/testaaa_LODGroup/Std_Eyelash_Pbr_ao.jpg
  artifactKey: Guid(fc644e9866167e64691de08f5e7a4606) Importer(815301076,1909f56bfc062723c751e8b465ee728b)
Start importing Assets/CC_Assets/textures/testaaa_LODGroup/Std_Eyelash_Pbr_ao.jpg using Guid(fc644e9866167e64691de08f5e7a4606) Importer(815301076,1909f56bfc062723c751e8b465ee728b)  -> (artifact id: 'f7b7404dcc6f01e8100e690da4b81e7f') in 0.065828 seconds 
  Import took 0.070879 seconds .

========================================================================
Received Import Request.
  Time since last request: 0.000173 seconds.
  path: Assets/CC_Assets/textures/testaaa_LODGroup/Std_Cornea_R_Pbr_ScleraN.png
  artifactKey: Guid(04c5c27fbc32e42448c4297971effd3d) Importer(815301076,1909f56bfc062723c751e8b465ee728b)
Start importing Assets/CC_Assets/textures/testaaa_LODGroup/Std_Cornea_R_Pbr_ScleraN.png using Guid(04c5c27fbc32e42448c4297971effd3d) Importer(815301076,1909f56bfc062723c751e8b465ee728b)  -> (artifact id: '298675444a7f93ac50c960e118ef1a05') in 0.020225 seconds 
  Import took 0.025311 seconds .

========================================================================
Received Import Request.
  Time since last request: 0.000172 seconds.
  path: Assets/CC_Assets/textures/testaaa_LODGroup/Std_Cornea_L_Pbr_IrisMask.png
  artifactKey: Guid(2a93c93d1fed26749bd0ad041b719d12) Importer(815301076,1909f56bfc062723c751e8b465ee728b)
Start importing Assets/CC_Assets/textures/testaaa_LODGroup/Std_Cornea_L_Pbr_IrisMask.png using Guid(2a93c93d1fed26749bd0ad041b719d12) Importer(815301076,1909f56bfc062723c751e8b465ee728b)  -> (artifact id: '926195b7b389fd78c12a8bc16e39f844') in 0.018788 seconds 
  Import took 0.023953 seconds .

========================================================================
Received Import Request.
  Time since last request: 0.000170 seconds.
  path: Assets/CC_Assets/textures/testaaa_LODGroup/Std_Eye_L_Pbr_MetallicAlpha.png
  artifactKey: Guid(20443d38303ebb64c92f410d62bf20a2) Importer(815301076,1909f56bfc062723c751e8b465ee728b)
Start importing Assets/CC_Assets/textures/testaaa_LODGroup/Std_Eye_L_Pbr_MetallicAlpha.png using Guid(20443d38303ebb64c92f410d62bf20a2) Importer(815301076,1909f56bfc062723c751e8b465ee728b)  -> (artifact id: 'b7465a5d7bdda4c091dad20ad670c5c6') in 0.014710 seconds 
  Import took 0.019845 seconds .

========================================================================
Received Import Request.
  Time since last request: 0.000158 seconds.
  path: Assets/CC_Assets/textures/testaaa_LODGroup/Std_Eyelash_Pbr_HDRP.png
  artifactKey: Guid(98f55f209764b2941bb6752ca11158bd) Importer(815301076,1909f56bfc062723c751e8b465ee728b)
Start importing Assets/CC_Assets/textures/testaaa_LODGroup/Std_Eyelash_Pbr_HDRP.png using Guid(98f55f209764b2941bb6752ca11158bd) Importer(815301076,1909f56bfc062723c751e8b465ee728b)  -> (artifact id: 'c42435e260709822866a8ffe8eb1a0e3') in 0.072177 seconds 
  Import took 0.077405 seconds .

========================================================================
Received Import Request.
  Time since last request: 35.656090 seconds.
  path: Assets/CC_Assets/testaaa_LODGroup.Fbx
  artifactKey: Guid(787df73495e4ce44ab57e6f088d0ba7e) Importer(815301076,1909f56bfc062723c751e8b465ee728b)
Start importing Assets/CC_Assets/testaaa_LODGroup.Fbx using Guid(787df73495e4ce44ab57e6f088d0ba7e) Importer(815301076,1909f56bfc062723c751e8b465ee728b)  -> (artifact id: '6c67dd5382fe7b97c77f801341a9cca9') in 1.260836 seconds 
  Import took 1.271866 seconds .

AssetImportWorkerClient::OnTransportError - code=2 error=End of file
